<?xml version="1.0" encoding="UTF-8"?>
<!-- Generated by org.testng.reporters.JUnitReportReporter -->
<testsuite skipped="0" hostname="DESKTOP-K2TST02" name="com.qa.orangehrm.tests.LoginPageTest" tests="3" failures="0" timestamp="21 Aug 2022 04:39:54 GMT" time="3.543" errors="0">
  <testcase name="loginPageTitleTest" time="0.028" classname="com.qa.orangehrm.tests.LoginPageTest"/>
  <testcase name="forgotPwdLinkTest" time="0.621" classname="com.qa.orangehrm.tests.LoginPageTest"/>
  <testcase name="loginTest" time="2.894" classname="com.qa.orangehrm.tests.LoginPageTest"/>
</testsuite> <!-- com.qa.orangehrm.tests.LoginPageTest -->
